0 verbose cli /usr/local/bin/node /usr/local/bin/npm
1 info using npm@10.9.2
2 info using node@v21.7.3
3 silly config load:file:/usr/local/lib/node_modules/npm/npmrc
4 silly config load:file:/home/container/.npmrc
5 silly config load:file:/usr/local/etc/npmrc
6 verbose title npm install
7 verbose argv "install"
8 verbose logfile logs-max:10 dir:/home/container/.npm/_logs/2025-01-24T00_05_27_902Z-
9 verbose logfile /home/container/.npm/_logs/2025-01-24T00_05_27_902Z-debug-0.log
10 silly logfile done cleaning log files
11 silly packumentCache heap:1228144640 maxSize:307036160 maxEntrySize:153518080
12 silly idealTree buildDeps
13 warn EBADENGINE Unsupported engine {
13 warn EBADENGINE   package: 'glob@11.0.1',
13 warn EBADENGINE   required: { node: '20 || >=22' },
13 warn EBADENGINE   current: { node: 'v21.7.3', npm: '10.9.2' }
13 warn EBADENGINE }
14 warn EBADENGINE Unsupported engine {
14 warn EBADENGINE   package: 'jackspeak@4.0.2',
14 warn EBADENGINE   required: { node: '20 || >=22' },
14 warn EBADENGINE   current: { node: 'v21.7.3', npm: '10.9.2' }
14 warn EBADENGINE }
15 warn EBADENGINE Unsupported engine {
15 warn EBADENGINE   package: 'lru-cache@11.0.2',
15 warn EBADENGINE   required: { node: '20 || >=22' },
15 warn EBADENGINE   current: { node: 'v21.7.3', npm: '10.9.2' }
15 warn EBADENGINE }
16 warn EBADENGINE Unsupported engine {
16 warn EBADENGINE   package: 'minimatch@10.0.1',
16 warn EBADENGINE   required: { node: '20 || >=22' },
16 warn EBADENGINE   current: { node: 'v21.7.3', npm: '10.9.2' }
16 warn EBADENGINE }
17 warn EBADENGINE Unsupported engine {
17 warn EBADENGINE   package: 'path-scurry@2.0.0',
17 warn EBADENGINE   required: { node: '20 || >=22' },
17 warn EBADENGINE   current: { node: 'v21.7.3', npm: '10.9.2' }
17 warn EBADENGINE }
18 silly reify moves {}
19 silly audit bulk request {
19 silly audit   '@discordjs/builders': [ '1.10.0' ],
19 silly audit   '@discordjs/collection': [ '1.5.3', '2.1.1' ],
19 silly audit   '@discordjs/formatters': [ '0.6.0' ],
19 silly audit   '@discordjs/rest': [ '2.4.2' ],
19 silly audit   '@discordjs/util': [ '1.1.1' ],
19 silly audit   '@discordjs/ws': [ '1.2.0' ],
19 silly audit   '@isaacs/cliui': [ '8.0.2' ],
19 silly audit   '@mongodb-js/saslprep': [ '1.1.9' ],
19 silly audit   '@sapphire/async-queue': [ '1.5.5' ],
19 silly audit   '@sapphire/shapeshift': [ '4.0.0' ],
19 silly audit   '@sapphire/snowflake': [ '3.5.3' ],
19 silly audit   '@types/node': [ '22.10.5' ],
19 silly audit   '@types/webidl-conversions': [ '7.0.3' ],
19 silly audit   '@types/whatwg-url': [ '11.0.5' ],
19 silly audit   '@types/ws': [ '8.5.13' ],
19 silly audit   '@vladfrangu/async_event_emitter': [ '2.4.6' ],
19 silly audit   'ansi-regex': [ '6.1.0', '5.0.1' ],
19 silly audit   'ansi-styles': [ '6.2.1', '4.3.0' ],
19 silly audit   argparse: [ '2.0.1' ],
19 silly audit   'balanced-match': [ '1.0.2' ],
19 silly audit   'brace-expansion': [ '2.0.1' ],
19 silly audit   bson: [ '6.10.1' ],
19 silly audit   'color-convert': [ '2.0.1' ],
19 silly audit   'color-name': [ '1.1.4' ],
19 silly audit   'cross-spawn': [ '7.0.6' ],
19 silly audit   debug: [ '4.4.0' ],
19 silly audit   'discord-api-types': [ '0.37.115' ],
19 silly audit   'discord.js': [ '14.17.3' ],
19 silly audit   eastasianwidth: [ '0.2.0' ],
19 silly audit   'emoji-regex': [ '9.2.2', '8.0.0' ],
19 silly audit   'fast-deep-equal': [ '3.1.3' ],
19 silly audit   'foreground-child': [ '3.3.0' ],
19 silly audit   glob: [ '11.0.1' ],
19 silly audit   'is-fullwidth-code-point': [ '3.0.0' ],
19 silly audit   isexe: [ '2.0.0' ],
19 silly audit   jackspeak: [ '4.0.2' ],
19 silly audit   'js-yaml': [ '4.1.0' ],
19 silly audit   kareem: [ '2.6.3' ],
19 silly audit   lodash: [ '4.17.21' ],
19 silly audit   'lodash.snakecase': [ '4.1.1' ],
19 silly audit   'lru-cache': [ '11.0.2' ],
19 silly audit   'magic-bytes.js': [ '1.10.0' ],
19 silly audit   'memory-pager': [ '1.5.0' ],
19 silly audit   minimatch: [ '10.0.1' ],
19 silly audit   minipass: [ '7.1.2' ],
19 silly audit   mongodb: [ '6.12.0' ],
19 silly audit   'mongodb-connection-string-url': [ '3.0.1' ],
19 silly audit   mongoose: [ '8.9.4' ],
19 silly audit   mpath: [ '0.9.0' ],
19 silly audit   mquery: [ '5.0.0' ],
19 silly audit   ms: [ '2.1.3' ],
19 silly audit   'package-json-from-dist': [ '1.0.1' ],
19 silly audit   'path-key': [ '3.1.1' ],
19 silly audit   'path-scurry': [ '2.0.0' ],
19 silly audit   punycode: [ '2.3.1' ],
19 silly audit   'shebang-command': [ '2.0.0' ],
19 silly audit   'shebang-regex': [ '3.0.0' ],
19 silly audit   sift: [ '17.1.3' ],
19 silly audit   'signal-exit': [ '4.1.0' ],
19 silly audit   'sparse-bitfield': [ '3.0.3' ],
19 silly audit   'string-width': [ '5.1.2', '4.2.3' ],
19 silly audit   'strip-ansi': [ '6.0.1', '7.1.0' ],
19 silly audit   tr46: [ '4.1.1' ],
19 silly audit   'ts-mixer': [ '6.0.4' ],
19 silly audit   tslib: [ '2.8.1' ],
19 silly audit   undici: [ '6.19.8' ],
19 silly audit   'undici-types': [ '6.20.0' ],
19 silly audit   'webidl-conversions': [ '7.0.0' ],
19 silly audit   'whatwg-url': [ '13.0.0' ],
19 silly audit   which: [ '2.0.2' ],
19 silly audit   'wrap-ansi': [ '8.1.0', '7.0.0' ],
19 silly audit   ws: [ '8.18.0' ]
19 silly audit }
20 http fetch POST 200 https://registry.npmjs.org/-/npm/v1/security/advisories/bulk 145ms
21 silly audit report {
21 silly audit report   mongoose: [
21 silly audit report     {
21 silly audit report       id: 1101526,
21 silly audit report       url: 'https://github.com/advisories/GHSA-vg7j-7cwx-8wgw',
21 silly audit report       title: 'Mongoose search injection vulnerability',
21 silly audit report       severity: 'critical',
21 silly audit report       vulnerable_versions: '<8.9.5',
21 silly audit report       cwe: [Array],
21 silly audit report       cvss: [Object]
21 silly audit report     }
21 silly audit report   ]
21 silly audit report }
22 silly packumentCache corgi:https://registry.npmjs.org/mongoose cache-miss
23 http cache https://registry.npmjs.org/mongoose 7ms (cache hit)
24 silly packumentCache corgi:https://registry.npmjs.org/mongoose set size:1470964 disposed:false
25 verbose cwd /home/container
26 verbose os Linux 5.15.0-126-generic
27 verbose node v21.7.3
28 verbose npm  v10.9.2
29 verbose exit 0
30 info ok
